DANGER 2019/03/07 13:07:24 util.go:31: cannot connect to client
DANGER 2019/03/07 13:07:54 util.go:31: cannot connect to client
INFO 2019/03/07 13:07:54 util.go:55: Client started
INFO 2019/03/07 13:07:54 util.go:55: Text to send
DANGER 2019/03/07 13:08:59 util.go:31: cannot connect to client
INFO 2019/03/07 13:08:59 util.go:55: Client started
INFO 2019/03/07 13:08:59 util.go:55: Text to send
ERROR 2019/03/07 13:09:46 util.go:45: cannot connect to server
INFO 2019/03/07 13:10:32 util.go:55: Client started
INFO 2019/03/07 13:10:32 util.go:55: Text to send
INFO 2019/03/07 13:10:55 util.go:55: &{{0xc0000ca080}} 


INFO 2019/03/07 13:10:55 util.go:55: message from server: 
INFO 2019/03/07 13:10:55 util.go:55: Text to send
INFO 2019/03/07 13:11:47 util.go:55: &{{0xc0000ca080}} 


INFO 2019/03/07 13:11:47 util.go:55: message from server: 
INFO 2019/03/07 13:11:47 util.go:55: Text to send
INFO 2019/03/07 13:11:50 util.go:55: &{{0xc0000ca080}} hhhh


INFO 2019/03/07 13:11:50 util.go:55: message from server: 
INFO 2019/03/07 13:11:50 util.go:55: Text to send
INFO 2019/03/07 13:16:31 util.go:55: Client started
INFO 2019/03/07 14:36:13 util.go:55: Client Connected
INFO 2019/03/07 14:39:49 util.go:55: Client Connected
INFO 2019/03/07 14:44:40 util.go:55: Client Connected
INFO 2019/03/07 14:46:37 util.go:55: Client Connected
INFO 2019/03/07 15:50:54 util.go:55: Client Connected
INFO 2019/03/07 15:51:54 util.go:55: Client Connected
INFO 2019/03/07 15:58:27 util.go:55: Client Connected
INFO 2019/03/07 15:58:52 util.go:55: Client Connected
INFO 2019/03/07 16:23:10 util.go:55: Client Connected
INFO 2019/03/07 16:23:26 util.go:55: Client Connected
INFO 2019/03/07 16:24:15 util.go:55: Client Connected
INFO 2019/03/07 16:24:52 util.go:55: Client Connected
INFO 2019/03/07 16:26:39 util.go:55: Client Connected
INFO 2019/03/07 16:29:51 util.go:55: Client Connected
INFO 2019/03/07 16:30:25 util.go:55: Client Connected
INFO 2019/03/07 16:46:40 util.go:55: Client Connected
INFO 2019/03/07 16:53:28 util.go:55: Client Connected
INFO 2019/03/07 16:55:11 util.go:55: Client Connected
INFO 2019/03/07 17:00:02 util.go:55: Client Connected
INFO 2019/03/07 17:03:59 util.go:55: Client Connected
INFO 2019/03/07 17:04:47 util.go:55: Client Connected
INFO 2019/03/08 10:39:18 util.go:55: Client Connected
INFO 2019/03/08 12:20:36 util.go:55: Client Connected
INFO 2019/03/08 12:21:36 util.go:55: Client Connected
ERROR 2019/03/08 13:57:58 util.go:75: cannot connect to server
INFO 2019/03/08 13:58:13 util.go:85: Client Connected
INFO 2019/03/08 14:00:07 util.go:85: Client Connected
INFO 2019/03/08 14:02:56 util.go:85: Client Connected
INFO 2019/03/08 14:04:07 util.go:85: Client Connected
INFO 2019/03/08 14:08:10 util.go:85: Client Connected
INFO 2019/03/08 14:09:03 util.go:85: Client Connected
INFO 2019/03/08 14:17:57 util.go:85: Client Connected
